2026-03-08 14:29:01 - training - INFO - ================================================================================
2026-03-08 14:29:01 - training - INFO - ACE2-RBD BINDING PREDICTION - TRAINING
2026-03-08 14:29:01 - training - INFO - ================================================================================
2026-03-08 14:29:01 - training - INFO - Device: cuda
2026-03-08 14:29:01 - training - INFO - Seed: 42
2026-03-08 14:29:01 - training - INFO - 
Loading preprocessed data...
2026-03-08 15:54:15 - training - INFO - ================================================================================
2026-03-08 15:54:15 - training - INFO - ACE2-RBD BINDING PREDICTION - TRAINING
2026-03-08 15:54:15 - training - INFO - ================================================================================
2026-03-08 15:54:15 - training - INFO - Device: cuda
2026-03-08 15:54:15 - training - INFO - Seed:   42
2026-03-08 15:54:15 - training - INFO - 
Loading preprocessed data...
2026-03-08 15:55:19 - training - INFO - ================================================================================
2026-03-08 15:55:19 - training - INFO - ACE2-RBD BINDING PREDICTION - TRAINING
2026-03-08 15:55:19 - training - INFO - ================================================================================
2026-03-08 15:55:19 - training - INFO - Device: cuda
2026-03-08 15:55:19 - training - INFO - Seed:   42
2026-03-08 15:55:19 - training - INFO - 
Loading preprocessed data...
2026-03-08 15:55:36 - training - INFO - Loaded samples
2026-03-08 15:55:36 - training - INFO -   RBD embeddings:  (223, 480)
2026-03-08 15:55:36 - training - INFO -   ACE2 embeddings: (828, 480)
2026-03-08 15:55:36 - training - INFO - 
Loading normalization statistics from preprocessed data...
2026-03-08 15:55:36 - training - INFO -   RBD  mean: 0.004991, std: 0.153481
2026-03-08 15:55:36 - training - INFO -   ACE2 mean: 0.005444, std: 0.228234
2026-03-08 15:55:36 - training - INFO - 
Creating train/val/test split...
2026-03-08 15:55:36 - training - INFO - 
Initializing model...
2026-03-08 15:55:37 - training - INFO -   Total params:     21,382,085
2026-03-08 15:55:37 - training - INFO -   Trainable params: 21,382,085
2026-03-08 15:55:37 - training - INFO - 
Starting training...
2026-03-08 15:55:44 - training - INFO - Stage 1: Balanced Training
2026-03-08 15:56:15 - training - INFO - [S1] Epoch   1 | Train Loss: 103.4420 | Val R : -101.4407 | Val Acc: 0.2317
2026-03-08 15:59:27 - training - INFO - [S1] Epoch  10 | Train Loss: 20.8423 | Val R : -0.5282 | Val Acc: 0.1778
2026-03-08 16:02:59 - training - INFO - [S1] Epoch  20 | Train Loss: 13.0672 | Val R : -0.9529 | Val Acc: 0.6095
2026-03-08 16:06:36 - training - INFO - [S1] Epoch  30 | Train Loss: 9.8777 | Val R : -0.0512 | Val Acc: 0.7270
2026-03-08 16:10:17 - training - INFO - [S1] Epoch  40 | Train Loss: 9.2392 | Val R : 0.0995 | Val Acc: 0.8063
2026-03-08 16:13:58 - training - INFO - [S1] Epoch  50 | Train Loss: 7.8290 | Val R : 0.2587 | Val Acc: 0.8286
2026-03-08 16:17:40 - training - INFO - [S1] Epoch  60 | Train Loss: 7.7477 | Val R : 0.3545 | Val Acc: 0.8317
2026-03-08 16:21:22 - training - INFO - [S1] Epoch  70 | Train Loss: 7.7684 | Val R : 0.1799 | Val Acc: 0.8286
2026-03-08 16:25:03 - training - INFO - [S1] Epoch  80 | Train Loss: 7.1164 | Val R : 0.3790 | Val Acc: 0.8127
2026-03-08 16:28:45 - training - INFO - [S1] Epoch  90 | Train Loss: 6.8038 | Val R : 0.4270 | Val Acc: 0.8413
2026-03-08 16:32:27 - training - INFO - [S1] Epoch 100 | Train Loss: 6.6932 | Val R : 0.4558 | Val Acc: 0.8413
2026-03-08 16:36:09 - training - INFO - [S1] Epoch 110 | Train Loss: 6.6545 | Val R : 0.5542 | Val Acc: 0.8349
2026-03-08 16:39:51 - training - INFO - [S1] Epoch 120 | Train Loss: 6.0628 | Val R : 0.4304 | Val Acc: 0.8476
2026-03-08 16:43:31 - training - INFO - [S1] Epoch 130 | Train Loss: 6.1452 | Val R : 0.4534 | Val Acc: 0.8476
2026-03-08 16:47:12 - training - INFO - [S1] Epoch 140 | Train Loss: 6.7271 | Val R : 0.4685 | Val Acc: 0.8444
2026-03-08 16:50:52 - training - INFO - [S1] Epoch 150 | Train Loss: 6.5221 | Val R : 0.4643 | Val Acc: 0.8444
2026-03-08 16:50:52 - training - INFO - Stage 1 complete
2026-03-08 16:50:52 - training - INFO - Stage 2: Full Data Training
2026-03-08 16:51:35 - training - INFO - [S2] Epoch   1 | Train Loss: 5.9767 | Val R : 0.5809 | Val Acc: 0.8444 | Val MAE: 0.3265
2026-03-08 17:01:01 - training - INFO - [S2] Epoch  15 | Train Loss: 5.8445 | Val R : 0.6656 | Val Acc: 0.8603 | Val MAE: 0.2866
2026-03-08 17:11:07 - training - INFO - [S2] Epoch  30 | Train Loss: 5.1769 | Val R : 0.7564 | Val Acc: 0.8635 | Val MAE: 0.2191
2026-03-08 17:21:14 - training - INFO - [S2] Epoch  45 | Train Loss: 5.3887 | Val R : 0.8024 | Val Acc: 0.8730 | Val MAE: 0.1887
2026-03-08 17:31:20 - training - INFO - [S2] Epoch  60 | Train Loss: 4.9761 | Val R : 0.7556 | Val Acc: 0.8730 | Val MAE: 0.2330
2026-03-08 17:41:26 - training - INFO - [S2] Epoch  75 | Train Loss: 4.8870 | Val R : 0.7805 | Val Acc: 0.8762 | Val MAE: 0.2127
2026-03-08 17:51:33 - training - INFO - [S2] Epoch  90 | Train Loss: 4.7273 | Val R : 0.8215 | Val Acc: 0.8762 | Val MAE: 0.1771
2026-03-08 18:01:40 - training - INFO - [S2] Epoch 105 | Train Loss: 4.7546 | Val R : 0.8093 | Val Acc: 0.8762 | Val MAE: 0.1906
2026-03-08 18:11:44 - training - INFO - [S2] Epoch 120 | Train Loss: 4.6162 | Val R : 0.8241 | Val Acc: 0.8698 | Val MAE: 0.1780
2026-03-08 18:21:32 - training - INFO - [S2] Epoch 135 | Train Loss: 4.6622 | Val R : 0.8007 | Val Acc: 0.8635 | Val MAE: 0.2033
2026-03-08 18:31:18 - training - INFO - [S2] Epoch 150 | Train Loss: 4.1688 | Val R : 0.8279 | Val Acc: 0.8730 | Val MAE: 0.1767
2026-03-08 18:41:17 - training - INFO - [S2] Epoch 165 | Train Loss: 4.1577 | Val R : 0.8233 | Val Acc: 0.8635 | Val MAE: 0.1853
2026-03-08 18:51:24 - training - INFO - [S2] Epoch 180 | Train Loss: 4.2336 | Val R : 0.8052 | Val Acc: 0.8698 | Val MAE: 0.1967
2026-03-08 19:01:30 - training - INFO - [S2] Epoch 195 | Train Loss: 4.5112 | Val R : 0.8339 | Val Acc: 0.8635 | Val MAE: 0.1746
2026-03-08 19:11:27 - training - INFO - [S2] Epoch 210 | Train Loss: 4.0085 | Val R : 0.8265 | Val Acc: 0.8571 | Val MAE: 0.1759
2026-03-08 19:21:29 - training - INFO - [S2] Epoch 225 | Train Loss: 4.2092 | Val R : 0.8256 | Val Acc: 0.8667 | Val MAE: 0.1836
2026-03-08 19:31:34 - training - INFO - [S2] Epoch 240 | Train Loss: 4.2543 | Val R : 0.8281 | Val Acc: 0.8667 | Val MAE: 0.1812
2026-03-08 19:41:41 - training - INFO - [S2] Epoch 255 | Train Loss: 4.0738 | Val R : 0.8250 | Val Acc: 0.8603 | Val MAE: 0.1842
2026-03-08 19:51:46 - training - INFO - [S2] Epoch 270 | Train Loss: 4.2623 | Val R : 0.8273 | Val Acc: 0.8635 | Val MAE: 0.1819
2026-03-08 20:01:52 - training - INFO - [S2] Epoch 285 | Train Loss: 4.1133 | Val R : 0.8283 | Val Acc: 0.8603 | Val MAE: 0.1807
2026-03-08 20:11:59 - training - INFO - [S2] Epoch 300 | Train Loss: 4.0130 | Val R : 0.8264 | Val Acc: 0.8603 | Val MAE: 0.1822
2026-03-08 20:12:10 - training - INFO - ============================================================
2026-03-08 20:12:10 - training - INFO - Final Train Results (best checkpoint):
2026-03-08 20:12:10 - training - INFO -   R :  0.8809 | RMSE: 0.1892 | MAE: 0.1398 | Acc: 0.9492
2026-03-08 20:12:10 - training - INFO - Final Val Results (best checkpoint):
2026-03-08 20:12:10 - training - INFO -   R :  0.8279 | RMSE: 0.2414 | MAE: 0.1767 | Acc: 0.8730
2026-03-08 20:12:10 - training - INFO - Test Results:
2026-03-08 20:12:10 - training - INFO -   R :  0.8077 | RMSE: 0.2389 | MAE: 0.1695 | Acc: 0.8889
2026-03-08 20:12:10 - training - INFO - ============================================================
2026-03-08 20:12:10 - training - INFO - 
Training completed in 4h 16m 32s
2026-03-08 20:12:10 - training - INFO - Model saved: outputs\models\best_model.pt
2026-03-08 20:12:10 - training - INFO - Per-epoch history saved: outputs\results\train_history.csv
2026-03-08 20:12:10 - training - INFO - Summary saved: outputs\results\training_summary.json
2026-03-08 20:12:10 - training - INFO - 
================================================================================
2026-03-08 20:12:10 - training - INFO - TRAINING COMPLETE
2026-03-08 20:12:10 - training - INFO - ================================================================================
2026-03-08 20:12:10 - training - INFO - Split        R     RMSE     MAE     Acc
2026-03-08 20:12:10 - training - INFO - ----------------------------------------
2026-03-08 20:12:10 - training - INFO - Train    0.8809  0.1892  0.1398  0.9492
2026-03-08 20:12:10 - training - INFO - Val      0.8279  0.2414  0.1767  0.8730
2026-03-08 20:12:10 - training - INFO - Test     0.8077  0.2389  0.1695  0.8889
2026-03-08 20:12:10 - training - INFO - ================================================================================
